ARM GAS  /tmp/ccbCUMmx.s 			page 1


   1              		.cpu cortex-m4
   2              		.eabi_attribute 27, 1
   3              		.eabi_attribute 28, 1
   4              		.eabi_attribute 20, 1
   5              		.eabi_attribute 21, 1
   6              		.eabi_attribute 23, 3
   7              		.eabi_attribute 24, 1
   8              		.eabi_attribute 25, 1
   9              		.eabi_attribute 26, 1
  10              		.eabi_attribute 30, 1
  11              		.eabi_attribute 34, 1
  12              		.eabi_attribute 18, 4
  13              		.file	"stm32f4xx_hal_timebase_tim.c"
  14              		.text
  15              	.Ltext0:
  16              		.cfi_sections	.debug_frame
  17              		.section	.text.HAL_InitTick,"ax",%progbits
  18              		.align	1
  19              		.global	HAL_InitTick
  20              		.syntax unified
  21              		.thumb
  22              		.thumb_func
  23              		.fpu fpv4-sp-d16
  25              	HAL_InitTick:
  26              	.LFB130:
  27              		.file 1 "Core/Src/stm32f4xx_hal_timebase_tim.c"
   1:Core/Src/stm32f4xx_hal_timebase_tim.c **** /* USER CODE BEGIN Header */
   2:Core/Src/stm32f4xx_hal_timebase_tim.c **** /**
   3:Core/Src/stm32f4xx_hal_timebase_tim.c ****   ******************************************************************************
   4:Core/Src/stm32f4xx_hal_timebase_tim.c ****   * @file    stm32f4xx_hal_timebase_TIM.c
   5:Core/Src/stm32f4xx_hal_timebase_tim.c ****   * @brief   HAL time base based on the hardware TIM.
   6:Core/Src/stm32f4xx_hal_timebase_tim.c ****   ******************************************************************************
   7:Core/Src/stm32f4xx_hal_timebase_tim.c ****   * @attention
   8:Core/Src/stm32f4xx_hal_timebase_tim.c ****   *
   9:Core/Src/stm32f4xx_hal_timebase_tim.c ****   * Copyright (c) 2023 STMicroelectronics.
  10:Core/Src/stm32f4xx_hal_timebase_tim.c ****   * All rights reserved.
  11:Core/Src/stm32f4xx_hal_timebase_tim.c ****   *
  12:Core/Src/stm32f4xx_hal_timebase_tim.c ****   * This software is licensed under terms that can be found in the LICENSE file
  13:Core/Src/stm32f4xx_hal_timebase_tim.c ****   * in the root directory of this software component.
  14:Core/Src/stm32f4xx_hal_timebase_tim.c ****   * If no LICENSE file comes with this software, it is provided AS-IS.
  15:Core/Src/stm32f4xx_hal_timebase_tim.c ****   *
  16:Core/Src/stm32f4xx_hal_timebase_tim.c ****   ******************************************************************************
  17:Core/Src/stm32f4xx_hal_timebase_tim.c ****   */
  18:Core/Src/stm32f4xx_hal_timebase_tim.c **** /* USER CODE END Header */
  19:Core/Src/stm32f4xx_hal_timebase_tim.c **** 
  20:Core/Src/stm32f4xx_hal_timebase_tim.c **** /* Includes ------------------------------------------------------------------*/
  21:Core/Src/stm32f4xx_hal_timebase_tim.c **** #include "stm32f4xx_hal.h"
  22:Core/Src/stm32f4xx_hal_timebase_tim.c **** #include "stm32f4xx_hal_tim.h"
  23:Core/Src/stm32f4xx_hal_timebase_tim.c **** 
  24:Core/Src/stm32f4xx_hal_timebase_tim.c **** /* Private typedef -----------------------------------------------------------*/
  25:Core/Src/stm32f4xx_hal_timebase_tim.c **** /* Private define ------------------------------------------------------------*/
  26:Core/Src/stm32f4xx_hal_timebase_tim.c **** /* Private macro -------------------------------------------------------------*/
  27:Core/Src/stm32f4xx_hal_timebase_tim.c **** /* Private variables ---------------------------------------------------------*/
  28:Core/Src/stm32f4xx_hal_timebase_tim.c **** TIM_HandleTypeDef        htim6;
  29:Core/Src/stm32f4xx_hal_timebase_tim.c **** /* Private function prototypes -----------------------------------------------*/
  30:Core/Src/stm32f4xx_hal_timebase_tim.c **** /* Private functions ---------------------------------------------------------*/
  31:Core/Src/stm32f4xx_hal_timebase_tim.c **** 
ARM GAS  /tmp/ccbCUMmx.s 			page 2


  32:Core/Src/stm32f4xx_hal_timebase_tim.c **** /**
  33:Core/Src/stm32f4xx_hal_timebase_tim.c ****   * @brief  This function configures the TIM6 as a time base source.
  34:Core/Src/stm32f4xx_hal_timebase_tim.c ****   *         The time source is configured  to have 1ms time base with a dedicated
  35:Core/Src/stm32f4xx_hal_timebase_tim.c ****   *         Tick interrupt priority.
  36:Core/Src/stm32f4xx_hal_timebase_tim.c ****   * @note   This function is called  automatically at the beginning of program after
  37:Core/Src/stm32f4xx_hal_timebase_tim.c ****   *         reset by HAL_Init() or at any time when clock is configured, by HAL_RCC_ClockConfig().
  38:Core/Src/stm32f4xx_hal_timebase_tim.c ****   * @param  TickPriority: Tick interrupt priority.
  39:Core/Src/stm32f4xx_hal_timebase_tim.c ****   * @retval HAL status
  40:Core/Src/stm32f4xx_hal_timebase_tim.c ****   */
  41:Core/Src/stm32f4xx_hal_timebase_tim.c **** HAL_StatusTypeDef HAL_InitTick(uint32_t TickPriority)
  42:Core/Src/stm32f4xx_hal_timebase_tim.c **** {
  28              		.loc 1 42 0
  29              		.cfi_startproc
  30              		@ args = 0, pretend = 0, frame = 32
  31              		@ frame_needed = 0, uses_anonymous_args = 0
  32              	.LVL0:
  33 0000 30B5     		push	{r4, r5, lr}
  34              	.LCFI0:
  35              		.cfi_def_cfa_offset 12
  36              		.cfi_offset 4, -12
  37              		.cfi_offset 5, -8
  38              		.cfi_offset 14, -4
  39 0002 89B0     		sub	sp, sp, #36
  40              	.LCFI1:
  41              		.cfi_def_cfa_offset 48
  42 0004 0446     		mov	r4, r0
  43              	.LVL1:
  44              	.LBB2:
  43:Core/Src/stm32f4xx_hal_timebase_tim.c ****   RCC_ClkInitTypeDef    clkconfig;
  44:Core/Src/stm32f4xx_hal_timebase_tim.c ****   uint32_t              uwTimclock, uwAPB1Prescaler = 0U;
  45:Core/Src/stm32f4xx_hal_timebase_tim.c **** 
  46:Core/Src/stm32f4xx_hal_timebase_tim.c ****   uint32_t              uwPrescalerValue = 0U;
  47:Core/Src/stm32f4xx_hal_timebase_tim.c ****   uint32_t              pFLatency;
  48:Core/Src/stm32f4xx_hal_timebase_tim.c ****   HAL_StatusTypeDef     status;
  49:Core/Src/stm32f4xx_hal_timebase_tim.c **** 
  50:Core/Src/stm32f4xx_hal_timebase_tim.c ****   /* Enable TIM6 clock */
  51:Core/Src/stm32f4xx_hal_timebase_tim.c ****   __HAL_RCC_TIM6_CLK_ENABLE();
  45              		.loc 1 51 0
  46 0006 0023     		movs	r3, #0
  47 0008 0193     		str	r3, [sp, #4]
  48 000a 214B     		ldr	r3, .L9
  49 000c 1A6C     		ldr	r2, [r3, #64]
  50 000e 42F01002 		orr	r2, r2, #16
  51 0012 1A64     		str	r2, [r3, #64]
  52 0014 1B6C     		ldr	r3, [r3, #64]
  53 0016 03F01003 		and	r3, r3, #16
  54 001a 0193     		str	r3, [sp, #4]
  55 001c 019B     		ldr	r3, [sp, #4]
  56              	.LBE2:
  52:Core/Src/stm32f4xx_hal_timebase_tim.c **** 
  53:Core/Src/stm32f4xx_hal_timebase_tim.c ****   /* Get clock configuration */
  54:Core/Src/stm32f4xx_hal_timebase_tim.c ****   HAL_RCC_GetClockConfig(&clkconfig, &pFLatency);
  57              		.loc 1 54 0
  58 001e 02A9     		add	r1, sp, #8
  59 0020 03A8     		add	r0, sp, #12
  60              	.LVL2:
  61 0022 FFF7FEFF 		bl	HAL_RCC_GetClockConfig
ARM GAS  /tmp/ccbCUMmx.s 			page 3


  62              	.LVL3:
  55:Core/Src/stm32f4xx_hal_timebase_tim.c **** 
  56:Core/Src/stm32f4xx_hal_timebase_tim.c ****   /* Get APB1 prescaler */
  57:Core/Src/stm32f4xx_hal_timebase_tim.c ****   uwAPB1Prescaler = clkconfig.APB1CLKDivider;
  63              		.loc 1 57 0
  64 0026 069B     		ldr	r3, [sp, #24]
  65              	.LVL4:
  58:Core/Src/stm32f4xx_hal_timebase_tim.c ****   /* Compute TIM6 clock */
  59:Core/Src/stm32f4xx_hal_timebase_tim.c ****   if (uwAPB1Prescaler == RCC_HCLK_DIV1)
  66              		.loc 1 59 0
  67 0028 C3B9     		cbnz	r3, .L2
  60:Core/Src/stm32f4xx_hal_timebase_tim.c ****   {
  61:Core/Src/stm32f4xx_hal_timebase_tim.c ****     uwTimclock = HAL_RCC_GetPCLK1Freq();
  68              		.loc 1 61 0
  69 002a FFF7FEFF 		bl	HAL_RCC_GetPCLK1Freq
  70              	.LVL5:
  71              	.L3:
  62:Core/Src/stm32f4xx_hal_timebase_tim.c ****   }
  63:Core/Src/stm32f4xx_hal_timebase_tim.c ****   else
  64:Core/Src/stm32f4xx_hal_timebase_tim.c ****   {
  65:Core/Src/stm32f4xx_hal_timebase_tim.c ****     uwTimclock = 2UL * HAL_RCC_GetPCLK1Freq();
  66:Core/Src/stm32f4xx_hal_timebase_tim.c ****   }
  67:Core/Src/stm32f4xx_hal_timebase_tim.c **** 
  68:Core/Src/stm32f4xx_hal_timebase_tim.c ****   /* Compute the prescaler value to have TIM6 counter clock equal to 1MHz */
  69:Core/Src/stm32f4xx_hal_timebase_tim.c ****   uwPrescalerValue = (uint32_t) ((uwTimclock / 1000000U) - 1U);
  72              		.loc 1 69 0
  73 002e 194B     		ldr	r3, .L9+4
  74 0030 A3FB0023 		umull	r2, r3, r3, r0
  75 0034 9B0C     		lsrs	r3, r3, #18
  76 0036 013B     		subs	r3, r3, #1
  77              	.LVL6:
  70:Core/Src/stm32f4xx_hal_timebase_tim.c **** 
  71:Core/Src/stm32f4xx_hal_timebase_tim.c ****   /* Initialize TIM6 */
  72:Core/Src/stm32f4xx_hal_timebase_tim.c ****   htim6.Instance = TIM6;
  78              		.loc 1 72 0
  79 0038 1748     		ldr	r0, .L9+8
  80              	.LVL7:
  81 003a 184A     		ldr	r2, .L9+12
  82 003c 0260     		str	r2, [r0]
  73:Core/Src/stm32f4xx_hal_timebase_tim.c **** 
  74:Core/Src/stm32f4xx_hal_timebase_tim.c ****   /* Initialize TIMx peripheral as follow:
  75:Core/Src/stm32f4xx_hal_timebase_tim.c **** 
  76:Core/Src/stm32f4xx_hal_timebase_tim.c ****   + Period = [(TIM6CLK/1000) - 1]. to have a (1/1000) s time base.
  77:Core/Src/stm32f4xx_hal_timebase_tim.c ****   + Prescaler = (uwTimclock/1000000 - 1) to have a 1MHz counter clock.
  78:Core/Src/stm32f4xx_hal_timebase_tim.c ****   + ClockDivision = 0
  79:Core/Src/stm32f4xx_hal_timebase_tim.c ****   + Counter direction = Up
  80:Core/Src/stm32f4xx_hal_timebase_tim.c ****   */
  81:Core/Src/stm32f4xx_hal_timebase_tim.c ****   htim6.Init.Period = (1000000U / 1000U) - 1U;
  83              		.loc 1 81 0
  84 003e 40F2E732 		movw	r2, #999
  85 0042 C260     		str	r2, [r0, #12]
  82:Core/Src/stm32f4xx_hal_timebase_tim.c ****   htim6.Init.Prescaler = uwPrescalerValue;
  86              		.loc 1 82 0
  87 0044 4360     		str	r3, [r0, #4]
  83:Core/Src/stm32f4xx_hal_timebase_tim.c ****   htim6.Init.ClockDivision = 0;
  88              		.loc 1 83 0
  89 0046 0023     		movs	r3, #0
ARM GAS  /tmp/ccbCUMmx.s 			page 4


  90              	.LVL8:
  91 0048 0361     		str	r3, [r0, #16]
  84:Core/Src/stm32f4xx_hal_timebase_tim.c ****   htim6.Init.CounterMode = TIM_COUNTERMODE_UP;
  92              		.loc 1 84 0
  93 004a 8360     		str	r3, [r0, #8]
  85:Core/Src/stm32f4xx_hal_timebase_tim.c ****   htim6.Init.AutoReloadPreload = TIM_AUTORELOAD_PRELOAD_DISABLE;
  94              		.loc 1 85 0
  95 004c 8361     		str	r3, [r0, #24]
  86:Core/Src/stm32f4xx_hal_timebase_tim.c **** 
  87:Core/Src/stm32f4xx_hal_timebase_tim.c ****   status = HAL_TIM_Base_Init(&htim6);
  96              		.loc 1 87 0
  97 004e FFF7FEFF 		bl	HAL_TIM_Base_Init
  98              	.LVL9:
  88:Core/Src/stm32f4xx_hal_timebase_tim.c ****   if (status == HAL_OK)
  99              		.loc 1 88 0
 100 0052 0546     		mov	r5, r0
 101 0054 30B1     		cbz	r0, .L7
 102              	.LVL10:
 103              	.L4:
  89:Core/Src/stm32f4xx_hal_timebase_tim.c ****   {
  90:Core/Src/stm32f4xx_hal_timebase_tim.c ****     /* Start the TIM time Base generation in interrupt mode */
  91:Core/Src/stm32f4xx_hal_timebase_tim.c ****     status = HAL_TIM_Base_Start_IT(&htim6);
  92:Core/Src/stm32f4xx_hal_timebase_tim.c ****     if (status == HAL_OK)
  93:Core/Src/stm32f4xx_hal_timebase_tim.c ****     {
  94:Core/Src/stm32f4xx_hal_timebase_tim.c ****     /* Enable the TIM6 global Interrupt */
  95:Core/Src/stm32f4xx_hal_timebase_tim.c ****         HAL_NVIC_EnableIRQ(TIM6_DAC_IRQn);
  96:Core/Src/stm32f4xx_hal_timebase_tim.c ****       /* Configure the SysTick IRQ priority */
  97:Core/Src/stm32f4xx_hal_timebase_tim.c ****       if (TickPriority < (1UL << __NVIC_PRIO_BITS))
  98:Core/Src/stm32f4xx_hal_timebase_tim.c ****       {
  99:Core/Src/stm32f4xx_hal_timebase_tim.c ****         /* Configure the TIM IRQ priority */
 100:Core/Src/stm32f4xx_hal_timebase_tim.c ****         HAL_NVIC_SetPriority(TIM6_DAC_IRQn, TickPriority, 0U);
 101:Core/Src/stm32f4xx_hal_timebase_tim.c ****         uwTickPrio = TickPriority;
 102:Core/Src/stm32f4xx_hal_timebase_tim.c ****       }
 103:Core/Src/stm32f4xx_hal_timebase_tim.c ****       else
 104:Core/Src/stm32f4xx_hal_timebase_tim.c ****       {
 105:Core/Src/stm32f4xx_hal_timebase_tim.c ****         status = HAL_ERROR;
 106:Core/Src/stm32f4xx_hal_timebase_tim.c ****       }
 107:Core/Src/stm32f4xx_hal_timebase_tim.c ****     }
 108:Core/Src/stm32f4xx_hal_timebase_tim.c ****   }
 109:Core/Src/stm32f4xx_hal_timebase_tim.c **** 
 110:Core/Src/stm32f4xx_hal_timebase_tim.c ****  /* Return function status */
 111:Core/Src/stm32f4xx_hal_timebase_tim.c ****   return status;
 112:Core/Src/stm32f4xx_hal_timebase_tim.c **** }
 104              		.loc 1 112 0
 105 0056 2846     		mov	r0, r5
 106 0058 09B0     		add	sp, sp, #36
 107              	.LCFI2:
 108              		.cfi_remember_state
 109              		.cfi_def_cfa_offset 12
 110              		@ sp needed
 111 005a 30BD     		pop	{r4, r5, pc}
 112              	.LVL11:
 113              	.L2:
 114              	.LCFI3:
 115              		.cfi_restore_state
  65:Core/Src/stm32f4xx_hal_timebase_tim.c ****   }
 116              		.loc 1 65 0
ARM GAS  /tmp/ccbCUMmx.s 			page 5


 117 005c FFF7FEFF 		bl	HAL_RCC_GetPCLK1Freq
 118              	.LVL12:
 119 0060 4000     		lsls	r0, r0, #1
 120              	.LVL13:
 121 0062 E4E7     		b	.L3
 122              	.LVL14:
 123              	.L7:
  91:Core/Src/stm32f4xx_hal_timebase_tim.c ****     if (status == HAL_OK)
 124              		.loc 1 91 0
 125 0064 0C48     		ldr	r0, .L9+8
 126              	.LVL15:
 127 0066 FFF7FEFF 		bl	HAL_TIM_Base_Start_IT
 128              	.LVL16:
  92:Core/Src/stm32f4xx_hal_timebase_tim.c ****     {
 129              		.loc 1 92 0
 130 006a 0546     		mov	r5, r0
 131 006c 0028     		cmp	r0, #0
 132 006e F2D1     		bne	.L4
  95:Core/Src/stm32f4xx_hal_timebase_tim.c ****       /* Configure the SysTick IRQ priority */
 133              		.loc 1 95 0
 134 0070 3620     		movs	r0, #54
 135              	.LVL17:
 136 0072 FFF7FEFF 		bl	HAL_NVIC_EnableIRQ
 137              	.LVL18:
  97:Core/Src/stm32f4xx_hal_timebase_tim.c ****       {
 138              		.loc 1 97 0
 139 0076 0F2C     		cmp	r4, #15
 140 0078 01D9     		bls	.L8
 105:Core/Src/stm32f4xx_hal_timebase_tim.c ****       }
 141              		.loc 1 105 0
 142 007a 0125     		movs	r5, #1
 143 007c EBE7     		b	.L4
 144              	.L8:
 100:Core/Src/stm32f4xx_hal_timebase_tim.c ****         uwTickPrio = TickPriority;
 145              		.loc 1 100 0
 146 007e 0022     		movs	r2, #0
 147 0080 2146     		mov	r1, r4
 148 0082 3620     		movs	r0, #54
 149 0084 FFF7FEFF 		bl	HAL_NVIC_SetPriority
 150              	.LVL19:
 101:Core/Src/stm32f4xx_hal_timebase_tim.c ****       }
 151              		.loc 1 101 0
 152 0088 054B     		ldr	r3, .L9+16
 153 008a 1C60     		str	r4, [r3]
 154 008c E3E7     		b	.L4
 155              	.L10:
 156 008e 00BF     		.align	2
 157              	.L9:
 158 0090 00380240 		.word	1073887232
 159 0094 83DE1B43 		.word	1125899907
 160 0098 00000000 		.word	htim6
 161 009c 00100040 		.word	1073745920
 162 00a0 00000000 		.word	uwTickPrio
 163              		.cfi_endproc
 164              	.LFE130:
 166              		.section	.text.HAL_SuspendTick,"ax",%progbits
 167              		.align	1
ARM GAS  /tmp/ccbCUMmx.s 			page 6


 168              		.global	HAL_SuspendTick
 169              		.syntax unified
 170              		.thumb
 171              		.thumb_func
 172              		.fpu fpv4-sp-d16
 174              	HAL_SuspendTick:
 175              	.LFB131:
 113:Core/Src/stm32f4xx_hal_timebase_tim.c **** 
 114:Core/Src/stm32f4xx_hal_timebase_tim.c **** /**
 115:Core/Src/stm32f4xx_hal_timebase_tim.c ****   * @brief  Suspend Tick increment.
 116:Core/Src/stm32f4xx_hal_timebase_tim.c ****   * @note   Disable the tick increment by disabling TIM6 update interrupt.
 117:Core/Src/stm32f4xx_hal_timebase_tim.c ****   * @param  None
 118:Core/Src/stm32f4xx_hal_timebase_tim.c ****   * @retval None
 119:Core/Src/stm32f4xx_hal_timebase_tim.c ****   */
 120:Core/Src/stm32f4xx_hal_timebase_tim.c **** void HAL_SuspendTick(void)
 121:Core/Src/stm32f4xx_hal_timebase_tim.c **** {
 176              		.loc 1 121 0
 177              		.cfi_startproc
 178              		@ args = 0, pretend = 0, frame = 0
 179              		@ frame_needed = 0, uses_anonymous_args = 0
 180              		@ link register save eliminated.
 122:Core/Src/stm32f4xx_hal_timebase_tim.c ****   /* Disable TIM6 update Interrupt */
 123:Core/Src/stm32f4xx_hal_timebase_tim.c ****   __HAL_TIM_DISABLE_IT(&htim6, TIM_IT_UPDATE);
 181              		.loc 1 123 0
 182 0000 034B     		ldr	r3, .L12
 183 0002 1A68     		ldr	r2, [r3]
 184 0004 D368     		ldr	r3, [r2, #12]
 185 0006 23F00103 		bic	r3, r3, #1
 186 000a D360     		str	r3, [r2, #12]
 124:Core/Src/stm32f4xx_hal_timebase_tim.c **** }
 187              		.loc 1 124 0
 188 000c 7047     		bx	lr
 189              	.L13:
 190 000e 00BF     		.align	2
 191              	.L12:
 192 0010 00000000 		.word	htim6
 193              		.cfi_endproc
 194              	.LFE131:
 196              		.section	.text.HAL_ResumeTick,"ax",%progbits
 197              		.align	1
 198              		.global	HAL_ResumeTick
 199              		.syntax unified
 200              		.thumb
 201              		.thumb_func
 202              		.fpu fpv4-sp-d16
 204              	HAL_ResumeTick:
 205              	.LFB132:
 125:Core/Src/stm32f4xx_hal_timebase_tim.c **** 
 126:Core/Src/stm32f4xx_hal_timebase_tim.c **** /**
 127:Core/Src/stm32f4xx_hal_timebase_tim.c ****   * @brief  Resume Tick increment.
 128:Core/Src/stm32f4xx_hal_timebase_tim.c ****   * @note   Enable the tick increment by Enabling TIM6 update interrupt.
 129:Core/Src/stm32f4xx_hal_timebase_tim.c ****   * @param  None
 130:Core/Src/stm32f4xx_hal_timebase_tim.c ****   * @retval None
 131:Core/Src/stm32f4xx_hal_timebase_tim.c ****   */
 132:Core/Src/stm32f4xx_hal_timebase_tim.c **** void HAL_ResumeTick(void)
 133:Core/Src/stm32f4xx_hal_timebase_tim.c **** {
 206              		.loc 1 133 0
ARM GAS  /tmp/ccbCUMmx.s 			page 7


 207              		.cfi_startproc
 208              		@ args = 0, pretend = 0, frame = 0
 209              		@ frame_needed = 0, uses_anonymous_args = 0
 210              		@ link register save eliminated.
 134:Core/Src/stm32f4xx_hal_timebase_tim.c ****   /* Enable TIM6 Update interrupt */
 135:Core/Src/stm32f4xx_hal_timebase_tim.c ****   __HAL_TIM_ENABLE_IT(&htim6, TIM_IT_UPDATE);
 211              		.loc 1 135 0
 212 0000 034B     		ldr	r3, .L15
 213 0002 1A68     		ldr	r2, [r3]
 214 0004 D368     		ldr	r3, [r2, #12]
 215 0006 43F00103 		orr	r3, r3, #1
 216 000a D360     		str	r3, [r2, #12]
 136:Core/Src/stm32f4xx_hal_timebase_tim.c **** }
 217              		.loc 1 136 0
 218 000c 7047     		bx	lr
 219              	.L16:
 220 000e 00BF     		.align	2
 221              	.L15:
 222 0010 00000000 		.word	htim6
 223              		.cfi_endproc
 224              	.LFE132:
 226              		.comm	htim6,72,4
 227              		.text
 228              	.Letext0:
 229              		.file 2 "/opt/gcc-arm-none-eabi-7-2017-q4-major/arm-none-eabi/include/machine/_default_types.h"
 230              		.file 3 "/opt/gcc-arm-none-eabi-7-2017-q4-major/arm-none-eabi/include/sys/_stdint.h"
 231              		.file 4 "Drivers/CMSIS/Include/core_cm4.h"
 232              		.file 5 "Drivers/CMSIS/Device/ST/STM32F4xx/Include/system_stm32f4xx.h"
 233              		.file 6 "Drivers/CMSIS/Device/ST/STM32F4xx/Include/stm32f405xx.h"
 234              		.file 7 "Drivers/STM32F4xx_HAL_Driver/Inc/stm32f4xx_hal_def.h"
 235              		.file 8 "Drivers/STM32F4xx_HAL_Driver/Inc/stm32f4xx_hal_rcc.h"
 236              		.file 9 "Drivers/STM32F4xx_HAL_Driver/Inc/stm32f4xx_hal_dma.h"
 237              		.file 10 "Drivers/STM32F4xx_HAL_Driver/Inc/stm32f4xx_hal_tim.h"
 238              		.file 11 "Drivers/STM32F4xx_HAL_Driver/Inc/stm32f4xx_hal.h"
 239              		.file 12 "Drivers/STM32F4xx_HAL_Driver/Inc/stm32f4xx_hal_cortex.h"
ARM GAS  /tmp/ccbCUMmx.s 			page 8


DEFINED SYMBOLS
                            *ABS*:0000000000000000 stm32f4xx_hal_timebase_tim.c
     /tmp/ccbCUMmx.s:18     .text.HAL_InitTick:0000000000000000 $t
     /tmp/ccbCUMmx.s:25     .text.HAL_InitTick:0000000000000000 HAL_InitTick
     /tmp/ccbCUMmx.s:158    .text.HAL_InitTick:0000000000000090 $d
                            *COM*:0000000000000048 htim6
     /tmp/ccbCUMmx.s:167    .text.HAL_SuspendTick:0000000000000000 $t
     /tmp/ccbCUMmx.s:174    .text.HAL_SuspendTick:0000000000000000 HAL_SuspendTick
     /tmp/ccbCUMmx.s:192    .text.HAL_SuspendTick:0000000000000010 $d
     /tmp/ccbCUMmx.s:197    .text.HAL_ResumeTick:0000000000000000 $t
     /tmp/ccbCUMmx.s:204    .text.HAL_ResumeTick:0000000000000000 HAL_ResumeTick
     /tmp/ccbCUMmx.s:222    .text.HAL_ResumeTick:0000000000000010 $d

UNDEFINED SYMBOLS
HAL_RCC_GetClockConfig
HAL_RCC_GetPCLK1Freq
HAL_TIM_Base_Init
HAL_TIM_Base_Start_IT
HAL_NVIC_EnableIRQ
HAL_NVIC_SetPriority
uwTickPrio
